2019-09-18T14:09:06.5126092+10:00  [ERR] An unhandled exception occurred: Invalid configuration object. Webpack has been initialised using a configuration object that does not match the API schema.
 (062823c1)
2019-09-18T14:09:06.5234613+10:00  [ERR]  - configuration.entry['styles'] should not contain the item 'D:\Angular8Template\Angular8Template\ClientApp\node_modules\bootstrap\dist\css\bootstrap.min.css' twice.
   -> A non-empty array of non-empty strings
See "C:\Users\Gunawan\AppData\Local\Temp\ng-V4u4aq\angular-errors.log" for further details.
 (05cea05e)
2019-09-18T14:09:06.5368259+10:00  [ERR] npm ERR! code ELIFECYCLE
 (76992f4c)
2019-09-18T14:09:06.5389652+10:00  [ERR] npm ERR! syscall spawn
 (0c4cf553)
2019-09-18T14:09:06.5451734+10:00  [ERR] npm ERR! file C:\WINDOWS\system32\cmd.exe
npm ERR! errno ENOENT
npm ERR! quickapp@2.8.0 start: `ng serve "--port" "63244"`
npm ERR! spawn ENOENT
npm ERR! 
npm ERR! Failed at the quickapp@2.8.0 start script.
npm ERR! This is probably not a problem with npm. There is likely additional logging output above.

 (3311d21e)
2019-09-18T14:09:06.5480930+10:00  [ERR] npm ERR! A complete log of this run can be found in:
 (e9dc2fc2)
2019-09-18T14:09:06.6689460+10:00 0HLPRTNNFMI3O:00000001 [ERR] An unhandled exception has occurred while executing the request. (48a46595)
System.AggregateException: One or more errors occurred. (One or more errors occurred. (The NPM script 'start' exited without indicating that the Angular CLI was listening for requests. The error output was: An unhandled exception occurred: Invalid configuration object. Webpack has been initialised using a configuration object that does not match the API schema.

 - configuration.entry['styles'] should not contain the item 'D:\Angular8Template\Angular8Template\ClientApp\node_modules\bootstrap\dist\css\bootstrap.min.css' twice.
   -> A non-empty array of non-empty strings
See "C:\Users\Gunawan\AppData\Local\Temp\ng-V4u4aq\angular-errors.log" for further details.

npm ERR! code ELIFECYCLE

npm ERR! syscall spawn

npm ERR! file C:\WINDOWS\system32\cmd.exe
npm ERR! errno ENOENT
npm ERR! quickapp@2.8.0 start: `ng serve "--port" "63244"`
npm ERR! spawn ENOENT
npm ERR! 
npm ERR! Failed at the quickapp@2.8.0 start script.
npm ERR! This is probably not a problem with npm. There is likely additional logging output above.


npm ERR! A complete log of this run can be found in:

)) ---> System.AggregateException: One or more errors occurred. (The NPM script 'start' exited without indicating that the Angular CLI was listening for requests. The error output was: An unhandled exception occurred: Invalid configuration object. Webpack has been initialised using a configuration object that does not match the API schema.

 - configuration.entry['styles'] should not contain the item 'D:\Angular8Template\Angular8Template\ClientApp\node_modules\bootstrap\dist\css\bootstrap.min.css' twice.
   -> A non-empty array of non-empty strings
See "C:\Users\Gunawan\AppData\Local\Temp\ng-V4u4aq\angular-errors.log" for further details.

npm ERR! code ELIFECYCLE

npm ERR! syscall spawn

npm ERR! file C:\WINDOWS\system32\cmd.exe
npm ERR! errno ENOENT
npm ERR! quickapp@2.8.0 start: `ng serve "--port" "63244"`
npm ERR! spawn ENOENT
npm ERR! 
npm ERR! Failed at the quickapp@2.8.0 start script.
npm ERR! This is probably not a problem with npm. There is likely additional logging output above.


npm ERR! A complete log of this run can be found in:

) ---> System.InvalidOperationException: The NPM script 'start' exited without indicating that the Angular CLI was listening for requests. The error output was: An unhandled exception occurred: Invalid configuration object. Webpack has been initialised using a configuration object that does not match the API schema.

 - configuration.entry['styles'] should not contain the item 'D:\Angular8Template\Angular8Template\ClientApp\node_modules\bootstrap\dist\css\bootstrap.min.css' twice.
   -> A non-empty array of non-empty strings
See "C:\Users\Gunawan\AppData\Local\Temp\ng-V4u4aq\angular-errors.log" for further details.

npm ERR! code ELIFECYCLE

npm ERR! syscall spawn

npm ERR! file C:\WINDOWS\system32\cmd.exe
npm ERR! errno ENOENT
npm ERR! quickapp@2.8.0 start: `ng serve "--port" "63244"`
npm ERR! spawn ENOENT
npm ERR! 
npm ERR! Failed at the quickapp@2.8.0 start script.
npm ERR! This is probably not a problem with npm. There is likely additional logging output above.


npm ERR! A complete log of this run can be found in:

 ---> System.IO.EndOfStreamException: Attempted to read past the end of the stream.
   at Microsoft.AspNetCore.SpaServices.AngularCli.AngularCliMiddleware.StartAngularCliServerAsync(String sourcePath, String npmScriptName, ILogger logger)
   --- End of inner exception stack trace ---
   at Microsoft.AspNetCore.SpaServices.AngularCli.AngularCliMiddleware.StartAngularCliServerAsync(String sourcePath, String npmScriptName, ILogger logger)
   --- End of inner exception stack trace ---
   at System.Threading.Tasks.Task`1.GetResultCore(Boolean waitCompletionNotification)
   at Microsoft.AspNetCore.SpaServices.AngularCli.AngularCliMiddleware.<>c.<Attach>b__2_0(Task`1 task)
   at System.Threading.Tasks.ContinuationResultTaskFromResultTask`2.InnerInvoke()
   at System.Threading.ExecutionContext.RunInternal(ExecutionContext executionContext, ContextCallback callback, Object state)
--- End of stack trace from previous location where exception was thrown ---
   at System.Threading.Tasks.Task.ExecuteWithThreadLocal(Task& currentTaskSlot)
   --- End of inner exception stack trace ---
   at System.Threading.Tasks.Task`1.GetResultCore(Boolean waitCompletionNotification)
   at Microsoft.AspNetCore.SpaServices.Extensions.Util.TaskTimeoutExtensions.WithTimeout[T](Task`1 task, TimeSpan timeoutDelay, String message)
   at Microsoft.AspNetCore.SpaServices.Extensions.Proxy.SpaProxy.PerformProxyRequest(HttpContext context, HttpClient httpClient, Task`1 baseUriTask, CancellationToken applicationStoppingToken, Boolean proxy404s)
   at Microsoft.AspNetCore.Builder.SpaProxyingExtensions.<>c__DisplayClass2_0.<<UseProxyToSpaDevelopmentServer>b__0>d.MoveNext()
--- End of stack trace from previous location where exception was thrown ---
   at Microsoft.AspNetCore.Routing.EndpointMiddleware.Invoke(HttpContext httpContext)
   at Microsoft.AspNetCore.Routing.EndpointRoutingMiddleware.Invoke(HttpContext httpContext)
   at Microsoft.AspNetCore.StaticFiles.StaticFileMiddleware.Invoke(HttpContext context)
   at Microsoft.AspNetCore.StaticFiles.StaticFileMiddleware.Invoke(HttpContext context)
   at Microsoft.AspNetCore.Diagnostics.DeveloperExceptionPageMiddleware.Invoke(HttpContext context)
---> (Inner Exception #0) System.AggregateException: One or more errors occurred. (The NPM script 'start' exited without indicating that the Angular CLI was listening for requests. The error output was: An unhandled exception occurred: Invalid configuration object. Webpack has been initialised using a configuration object that does not match the API schema.

 - configuration.entry['styles'] should not contain the item 'D:\Angular8Template\Angular8Template\ClientApp\node_modules\bootstrap\dist\css\bootstrap.min.css' twice.
   -> A non-empty array of non-empty strings
See "C:\Users\Gunawan\AppData\Local\Temp\ng-V4u4aq\angular-errors.log" for further details.

npm ERR! code ELIFECYCLE

npm ERR! syscall spawn

npm ERR! file C:\WINDOWS\system32\cmd.exe
npm ERR! errno ENOENT
npm ERR! quickapp@2.8.0 start: `ng serve "--port" "63244"`
npm ERR! spawn ENOENT
npm ERR! 
npm ERR! Failed at the quickapp@2.8.0 start script.
npm ERR! This is probably not a problem with npm. There is likely additional logging output above.


npm ERR! A complete log of this run can be found in:

) ---> System.InvalidOperationException: The NPM script 'start' exited without indicating that the Angular CLI was listening for requests. The error output was: An unhandled exception occurred: Invalid configuration object. Webpack has been initialised using a configuration object that does not match the API schema.

 - configuration.entry['styles'] should not contain the item 'D:\Angular8Template\Angular8Template\ClientApp\node_modules\bootstrap\dist\css\bootstrap.min.css' twice.
   -> A non-empty array of non-empty strings
See "C:\Users\Gunawan\AppData\Local\Temp\ng-V4u4aq\angular-errors.log" for further details.

npm ERR! code ELIFECYCLE

npm ERR! syscall spawn

npm ERR! file C:\WINDOWS\system32\cmd.exe
npm ERR! errno ENOENT
npm ERR! quickapp@2.8.0 start: `ng serve "--port" "63244"`
npm ERR! spawn ENOENT
npm ERR! 
npm ERR! Failed at the quickapp@2.8.0 start script.
npm ERR! This is probably not a problem with npm. There is likely additional logging output above.


npm ERR! A complete log of this run can be found in:

 ---> System.IO.EndOfStreamException: Attempted to read past the end of the stream.
   at Microsoft.AspNetCore.SpaServices.AngularCli.AngularCliMiddleware.StartAngularCliServerAsync(String sourcePath, String npmScriptName, ILogger logger)
   --- End of inner exception stack trace ---
   at Microsoft.AspNetCore.SpaServices.AngularCli.AngularCliMiddleware.StartAngularCliServerAsync(String sourcePath, String npmScriptName, ILogger logger)
   --- End of inner exception stack trace ---
   at System.Threading.Tasks.Task`1.GetResultCore(Boolean waitCompletionNotification)
   at Microsoft.AspNetCore.SpaServices.AngularCli.AngularCliMiddleware.<>c.<Attach>b__2_0(Task`1 task)
   at System.Threading.Tasks.ContinuationResultTaskFromResultTask`2.InnerInvoke()
   at System.Threading.ExecutionContext.RunInternal(ExecutionContext executionContext, ContextCallback callback, Object state)
--- End of stack trace from previous location where exception was thrown ---
   at System.Threading.Tasks.Task.ExecuteWithThreadLocal(Task& currentTaskSlot)
---> (Inner Exception #0) System.InvalidOperationException: The NPM script 'start' exited without indicating that the Angular CLI was listening for requests. The error output was: An unhandled exception occurred: Invalid configuration object. Webpack has been initialised using a configuration object that does not match the API schema.

 - configuration.entry['styles'] should not contain the item 'D:\Angular8Template\Angular8Template\ClientApp\node_modules\bootstrap\dist\css\bootstrap.min.css' twice.
   -> A non-empty array of non-empty strings
See "C:\Users\Gunawan\AppData\Local\Temp\ng-V4u4aq\angular-errors.log" for further details.

npm ERR! code ELIFECYCLE

npm ERR! syscall spawn

npm ERR! file C:\WINDOWS\system32\cmd.exe
npm ERR! errno ENOENT
npm ERR! quickapp@2.8.0 start: `ng serve "--port" "63244"`
npm ERR! spawn ENOENT
npm ERR! 
npm ERR! Failed at the quickapp@2.8.0 start script.
npm ERR! This is probably not a problem with npm. There is likely additional logging output above.


npm ERR! A complete log of this run can be found in:

 ---> System.IO.EndOfStreamException: Attempted to read past the end of the stream.
   at Microsoft.AspNetCore.SpaServices.AngularCli.AngularCliMiddleware.StartAngularCliServerAsync(String sourcePath, String npmScriptName, ILogger logger)
   --- End of inner exception stack trace ---
   at Microsoft.AspNetCore.SpaServices.AngularCli.AngularCliMiddleware.StartAngularCliServerAsync(String sourcePath, String npmScriptName, ILogger logger)<---
<---

